app/build/outputs/logs/manifest-merger-debug-report.txt
-- Merging decision tree log ---
manifest
ADDED from src\main\AndroidManifest.xml:1:1-385:12
	package
		ADDED from src\main\AndroidManifest.xml:2:2-26
		INJECTED from src\main\AndroidManifest.xml
		INJECTED from src\main\AndroidManifest.xml
	android:versionName
		ADDED from src\main\AndroidManifest.xml:5:2-29
		INJECTED from src\main\AndroidManifest.xml
		INJECTED from src\main\AndroidManifest.xml
	android:versionCode
		ADDED from src\main\AndroidManifest.xml:4:2-27
		INJECTED from src\main\AndroidManifest.xml
		INJECTED from src\main\AndroidManifest.xml
	xmlns:android
		ADDED from src\main\AndroidManifest.xml:1:11-69
	android:installLocation
		ADDED from src\main\AndroidManifest.xml:3:2-32
uses-sdk
ADDED from src\main\AndroidManifest.xml:6:2-40
	android:targetSdkVersion
		INJECTED from src\main\AndroidManifest.xml
		INJECTED from src\main\AndroidManifest.xml
	android:minSdkVersion
		ADDED from src\main\AndroidManifest.xml:6:12-37
		INJECTED from src\main\AndroidManifest.xml
		INJECTED from src\main\AndroidManifest.xml
uses-permission#android.permission.BLUETOOTH
ADDED from src\main\AndroidManifest.xml:7:2-65
	android:name
		ADDED from src\main\AndroidManifest.xml:7:19-62
uses-permission#android.permission.BLUETOOTH_ADMIN
ADDED from src\main\AndroidManifest.xml:8:2-71
	android:name
		ADDED from src\main\AndroidManifest.xml:8:19-68
uses-permission#android.permission.INTERNET
ADDED from src\main\AndroidManifest.xml:9:2-64
	android:name
		ADDED from src\main\AndroidManifest.xml:9:19-61
uses-permission#android.permission.READ_PHONE_STATE
ADDED from src\main\AndroidManifest.xml:10:2-72
	android:name
		ADDED from src\main\AndroidManifest.xml:10:19-69
uses-permission#android.permission.RECORD_AUDIO
ADDED from src\main\AndroidManifest.xml:11:2-68
	android:name
		ADDED from src\main\AndroidManifest.xml:11:19-65
uses-permission#android.permission.MODIFY_AUDIO_SETTINGS
ADDED from src\main\AndroidManifest.xml:12:2-77
	android:name
		ADDED from src\main\AndroidManifest.xml:12:19-74
uses-permission#android.permission.ACCESS_WIFI_STATE
ADDED from src\main\AndroidManifest.xml:13:2-73
	android:name
		ADDED from src\main\AndroidManifest.xml:13:19-70
uses-permission#android.permission.ACCESS_NETWORK_STATE
ADDED from src\main\AndroidManifest.xml:14:2-76
	android:name
		ADDED from src\main\AndroidManifest.xml:14:19-73
uses-permission#android.permission.WAKE_LOCK
ADDED from src\main\AndroidManifest.xml:15:2-65
	android:name
		ADDED from src\main\AndroidManifest.xml:15:19-62
uses-permission#android.permission.DISABLE_KEYGUARD
ADDED from src\main\AndroidManifest.xml:16:2-72
	android:name
		ADDED from src\main\AndroidManifest.xml:16:19-69
uses-permission#android.permission.VIBRATE
ADDED from src\main\AndroidManifest.xml:17:2-63
	android:name
		ADDED from src\main\AndroidManifest.xml:17:19-60
uses-permission#android.permission.WRITE_EXTERNAL_STORAGE
ADDED from src\main\AndroidManifest.xml:18:2-78
	android:name
		ADDED from src\main\AndroidManifest.xml:18:19-75
uses-permission#android.permission.CAMERA
ADDED from src\main\AndroidManifest.xml:19:2-62
	android:name
		ADDED from src\main\AndroidManifest.xml:19:19-59
uses-permission#android.permission.BROADCAST_STICKY
ADDED from src\main\AndroidManifest.xml:21:2-72
	android:name
		ADDED from src\main\AndroidManifest.xml:21:19-69
uses-permission#android.permission.READ_CONTACTS
ADDED from src\main\AndroidManifest.xml:22:2-69
	android:name
		ADDED from src\main\AndroidManifest.xml:22:19-66
uses-permission#android.permission.CALL_PHONE
ADDED from src\main\AndroidManifest.xml:23:2-66
	android:name
		ADDED from src\main\AndroidManifest.xml:23:19-63
application
ADDED from src\main\AndroidManifest.xml:24:2-384:16
	android:label
		ADDED from src\main\AndroidManifest.xml:27:3-35
	android:icon
		ADDED from src\main\AndroidManifest.xml:26:3-38
	android:theme
		ADDED from src\main\AndroidManifest.xml:28:3-39
	android:name
		ADDED from src\main\AndroidManifest.xml:25:3-33
meta-data#LOGGING
ADDED from src\main\AndroidManifest.xml:29:3-31:27
	android:value
		ADDED from src\main\AndroidManifest.xml:31:4-24
	android:name
		ADDED from src\main\AndroidManifest.xml:30:4-26
activity#com.voice.demo.voip.CallOutActivity
ADDED from src\main\AndroidManifest.xml:32:3-42:14
	android:screenOrientation
		ADDED from src\main\AndroidManifest.xml:36:4-41
	android:label
		ADDED from src\main\AndroidManifest.xml:34:4-36
	android:launchMode
		ADDED from src\main\AndroidManifest.xml:35:4-35
	android:theme
		ADDED from src\main\AndroidManifest.xml:37:4-62
	android:name
		ADDED from src\main\AndroidManifest.xml:33:4-40
intent-filter#android.intent.category.DEFAULT+com.voice.demo.ACTION_VOIP_OUTCALL
ADDED from src\main\AndroidManifest.xml:38:4-41:20
action#com.voice.demo.ACTION_VOIP_OUTCALL
ADDED from src\main\AndroidManifest.xml:39:5-65
	android:name
		ADDED from src\main\AndroidManifest.xml:39:13-62
category#android.intent.category.DEFAULT
ADDED from src\main\AndroidManifest.xml:40:5-64
	android:name
		ADDED from src\main\AndroidManifest.xml:40:15-61
activity#com.voice.demo.voip.CallInActivity
ADDED from src\main\AndroidManifest.xml:43:3-57:14
	android:screenOrientation
		ADDED from src\main\AndroidManifest.xml:47:4-41
	android:label
		ADDED from src\main\AndroidManifest.xml:45:4-36
	android:launchMode
		ADDED from src\main\AndroidManifest.xml:46:4-35
	android:theme
		ADDED from src\main\AndroidManifest.xml:48:4-62
	android:name
		ADDED from src\main\AndroidManifest.xml:44:4-39
intent-filter#android.intent.category.DEFAULT+com.voice.demo.ACTION_VOIP_INCALL
ADDED from src\main\AndroidManifest.xml:49:4-52:20
action#com.voice.demo.ACTION_VOIP_INCALL
ADDED from src\main\AndroidManifest.xml:50:5-64
	android:name
		ADDED from src\main\AndroidManifest.xml:50:13-61
intent-filter#android.intent.category.DEFAULT+com.voice.demo.ACTION_VIDEO_INTCALL
ADDED from src\main\AndroidManifest.xml:53:4-56:20
action#com.voice.demo.ACTION_VIDEO_INTCALL
ADDED from src\main\AndroidManifest.xml:54:5-66
	android:name
		ADDED from src\main\AndroidManifest.xml:54:13-63
activity#com.voice.demo.ui.LauncherUI
ADDED from src\main\AndroidManifest.xml:58:3-69:14
	android:screenOrientation
		ADDED from src\main\AndroidManifest.xml:62:4-41
	android:label
		ADDED from src\main\AndroidManifest.xml:60:4-41
	android:launchMode
		ADDED from src\main\AndroidManifest.xml:61:4-34
	android:windowSoftInputMode
		ADDED from src\main\AndroidManifest.xml:63:4-51
	android:name
		ADDED from src\main\AndroidManifest.xml:59:4-33
intent-filter#android.intent.action.MAIN+android.intent.category.LAUNCHER+android.intent.category.MULTIWINDOW_LAUNCHER
ADDED from src\main\AndroidManifest.xml:64:4-68:20
action#android.intent.action.MAIN
ADDED from src\main\AndroidManifest.xml:65:5-57
	android:name
		ADDED from src\main\AndroidManifest.xml:65:13-54
category#android.intent.category.LAUNCHER
ADDED from src\main\AndroidManifest.xml:66:5-65
	android:name
		ADDED from src\main\AndroidManifest.xml:66:15-62
category#android.intent.category.MULTIWINDOW_LAUNCHER
ADDED from src\main\AndroidManifest.xml:67:5-77
	android:name
		ADDED from src\main\AndroidManifest.xml:67:15-74
activity#com.voice.demo.voip.NetPhoneCallActivity
ADDED from src\main\AndroidManifest.xml:70:3-74:14
	android:screenOrientation
		ADDED from src\main\AndroidManifest.xml:73:4-41
	android:label
		ADDED from src\main\AndroidManifest.xml:72:4-36
	android:name
		ADDED from src\main\AndroidManifest.xml:71:4-45
activity#com.voice.demo.voip.LandingCallActivity
ADDED from src\main\AndroidManifest.xml:75:3-79:14
	android:screenOrientation
		ADDED from src\main\AndroidManifest.xml:78:4-41
	android:label
		ADDED from src\main\AndroidManifest.xml:77:4-36
	android:name
		ADDED from src\main\AndroidManifest.xml:76:4-44
activity#com.voice.demo.voip.VoIPCallActivity
ADDED from src\main\AndroidManifest.xml:80:3-84:14
	android:screenOrientation
		ADDED from src\main\AndroidManifest.xml:83:4-41
	android:label
		ADDED from src\main\AndroidManifest.xml:82:4-36
	android:name
		ADDED from src\main\AndroidManifest.xml:81:4-41
activity#com.voice.demo.ui.CapabilityChoiceActivity
ADDED from src\main\AndroidManifest.xml:86:3-91:14
	android:screenOrientation
		ADDED from src\main\AndroidManifest.xml:90:4-41
	android:label
		ADDED from src\main\AndroidManifest.xml:88:4-36
	android:launchMode
		ADDED from src\main\AndroidManifest.xml:89:4-35
	android:name
		ADDED from src\main\AndroidManifest.xml:87:4-47
activity#com.voice.demo.interphone.InterPhoneRoomActivity
ADDED from src\main\AndroidManifest.xml:93:3-97:14
	android:screenOrientation
		ADDED from src\main\AndroidManifest.xml:96:4-41
	android:label
		ADDED from src\main\AndroidManifest.xml:95:4-36
	android:name
		ADDED from src\main\AndroidManifest.xml:94:4-53
activity#com.voice.demo.interphone.InterPhoneActivity
ADDED from src\main\AndroidManifest.xml:98:3-102:14
	android:screenOrientation
		ADDED from src\main\AndroidManifest.xml:101:4-41
	android:label
		ADDED from src\main\AndroidManifest.xml:100:4-36
	android:name
		ADDED from src\main\AndroidManifest.xml:99:4-49
activity#com.voice.demo.interphone.InviteInterPhoneActivity
ADDED from src\main\AndroidManifest.xml:103:3-107:14
	android:screenOrientation
		ADDED from src\main\AndroidManifest.xml:106:4-41
	android:label
		ADDED from src\main\AndroidManifest.xml:105:4-36
	android:name
		ADDED from src\main\AndroidManifest.xml:104:4-55
activity#com.voice.demo.video.VideoActivity
ADDED from src\main\AndroidManifest.xml:109:3-119:14
	android:screenOrientation
		ADDED from src\main\AndroidManifest.xml:113:4-41
	android:label
		ADDED from src\main\AndroidManifest.xml:111:4-36
	android:launchMode
		ADDED from src\main\AndroidManifest.xml:112:4-35
	android:theme
		ADDED from src\main\AndroidManifest.xml:114:4-62
	android:name
		ADDED from src\main\AndroidManifest.xml:110:4-39
intent-filter#android.intent.category.DEFAULT+com.voice.demo.ACTION_VIDEO_OUTCALL
ADDED from src\main\AndroidManifest.xml:115:4-118:20
action#com.voice.demo.ACTION_VIDEO_OUTCALL
ADDED from src\main\AndroidManifest.xml:116:5-66
	android:name
		ADDED from src\main\AndroidManifest.xml:116:13-63
activity#com.voice.demo.outboundmarketing.MarketActivity
ADDED from src\main\AndroidManifest.xml:121:3-125:14
	android:screenOrientation
		ADDED from src\main\AndroidManifest.xml:124:4-41
	android:label
		ADDED from src\main\AndroidManifest.xml:123:4-36
	android:name
		ADDED from src\main\AndroidManifest.xml:122:4-52
activity#com.voice.demo.outboundmarketing.MarketStateActivity
ADDED from src\main\AndroidManifest.xml:126:3-130:14
	android:screenOrientation
		ADDED from src\main\AndroidManifest.xml:129:4-41
	android:label
		ADDED from src\main\AndroidManifest.xml:128:4-36
	android:name
		ADDED from src\main\AndroidManifest.xml:127:4-57
activity#com.voice.demo.voicecode.VoiceVerificationCodeActivity
ADDED from src\main\AndroidManifest.xml:132:3-136:14
	android:screenOrientation
		ADDED from src\main\AndroidManifest.xml:135:4-41
	android:label
		ADDED from src\main\AndroidManifest.xml:134:4-36
	android:name
		ADDED from src\main\AndroidManifest.xml:133:4-59
activity#com.voice.demo.voicecode.ValidationStatusActivity
ADDED from src\main\AndroidManifest.xml:137:3-141:14
	android:screenOrientation
		ADDED from src\main\AndroidManifest.xml:140:4-41
	android:label
		ADDED from src\main\AndroidManifest.xml:139:4-36
	android:name
		ADDED from src\main\AndroidManifest.xml:138:4-54
activity#com.voice.demo.chatroom.ChatroomName
ADDED from src\main\AndroidManifest.xml:143:3-147:14
	android:screenOrientation
		ADDED from src\main\AndroidManifest.xml:146:4-41
	android:label
		ADDED from src\main\AndroidManifest.xml:145:4-36
	android:name
		ADDED from src\main\AndroidManifest.xml:144:4-41
activity#com.voice.demo.chatroom.ChatroomActivity
ADDED from src\main\AndroidManifest.xml:148:3-152:14
	android:screenOrientation
		ADDED from src\main\AndroidManifest.xml:151:4-41
	android:label
		ADDED from src\main\AndroidManifest.xml:150:4-36
	android:name
		ADDED from src\main\AndroidManifest.xml:149:4-45
activity#com.voice.demo.chatroom.ChatroomConversation
ADDED from src\main\AndroidManifest.xml:153:3-157:14
	android:screenOrientation
		ADDED from src\main\AndroidManifest.xml:156:4-41
	android:label
		ADDED from src\main\AndroidManifest.xml:155:4-36
	android:name
		ADDED from src\main\AndroidManifest.xml:154:4-49
activity#com.voice.demo.chatroom.ChatroomMemberManagerActivity
ADDED from src\main\AndroidManifest.xml:158:3-162:14
	android:screenOrientation
		ADDED from src\main\AndroidManifest.xml:161:4-41
	android:label
		ADDED from src\main\AndroidManifest.xml:160:4-36
	android:name
		ADDED from src\main\AndroidManifest.xml:159:4-58
activity#com.voice.demo.contacts.ContactListActivity
ADDED from src\main\AndroidManifest.xml:164:3-168:14
	android:screenOrientation
		ADDED from src\main\AndroidManifest.xml:167:4-41
	android:label
		ADDED from src\main\AndroidManifest.xml:166:4-36
	android:name
		ADDED from src\main\AndroidManifest.xml:165:4-48
activity#com.voice.demo.contacts.ChooseContactsActivity
ADDED from src\main\AndroidManifest.xml:169:3-173:14
	android:screenOrientation
		ADDED from src\main\AndroidManifest.xml:172:4-41
	android:label
		ADDED from src\main\AndroidManifest.xml:171:4-36
	android:name
		ADDED from src\main\AndroidManifest.xml:170:4-51
activity#com.voice.demo.group.VideoRecordActivity
ADDED from src\main\AndroidManifest.xml:175:3-180:14
	android:screenOrientation
		ADDED from src\main\AndroidManifest.xml:179:4-41
	android:label
		ADDED from src\main\AndroidManifest.xml:177:4-36
	android:launchMode
		ADDED from src\main\AndroidManifest.xml:178:4-34
	android:name
		ADDED from src\main\AndroidManifest.xml:176:4-45
activity#com.voice.demo.group.CreateGroupActivity
ADDED from src\main\AndroidManifest.xml:181:3-185:14
	android:screenOrientation
		ADDED from src\main\AndroidManifest.xml:184:4-41
	android:label
		ADDED from src\main\AndroidManifest.xml:183:4-36
	android:name
		ADDED from src\main\AndroidManifest.xml:182:4-45
activity#com.voice.demo.group.GroupMessageListActivity
ADDED from src\main\AndroidManifest.xml:186:3-190:14
	android:screenOrientation
		ADDED from src\main\AndroidManifest.xml:189:4-41
	android:label
		ADDED from src\main\AndroidManifest.xml:188:4-36
	android:name
		ADDED from src\main\AndroidManifest.xml:187:4-50
activity#com.voice.demo.group.GroupListActivity
ADDED from src\main\AndroidManifest.xml:191:3-195:14
	android:screenOrientation
		ADDED from src\main\AndroidManifest.xml:194:4-41
	android:label
		ADDED from src\main\AndroidManifest.xml:193:4-36
	android:name
		ADDED from src\main\AndroidManifest.xml:192:4-43
activity#com.voice.demo.group.GroupDetailActivity
ADDED from src\main\AndroidManifest.xml:196:3-200:14
	android:screenOrientation
		ADDED from src\main\AndroidManifest.xml:199:4-41
	android:label
		ADDED from src\main\AndroidManifest.xml:198:4-36
	android:name
		ADDED from src\main\AndroidManifest.xml:197:4-45
activity#com.voice.demo.group.FileBrowserActivity
ADDED from src\main\AndroidManifest.xml:201:3-207:14
	android:screenOrientation
		ADDED from src\main\AndroidManifest.xml:204:4-41
	android:label
		ADDED from src\main\AndroidManifest.xml:203:4-36
	android:windowSoftInputMode
		ADDED from src\main\AndroidManifest.xml:206:4-45
	android:theme
		ADDED from src\main\AndroidManifest.xml:205:4-37
	android:name
		ADDED from src\main\AndroidManifest.xml:202:4-45
activity#com.voice.demo.group.GroupChatActivity
ADDED from src\main\AndroidManifest.xml:208:3-213:14
	android:screenOrientation
		ADDED from src\main\AndroidManifest.xml:211:4-41
	android:label
		ADDED from src\main\AndroidManifest.xml:210:4-36
	android:windowSoftInputMode
		ADDED from src\main\AndroidManifest.xml:212:4-58
	android:name
		ADDED from src\main\AndroidManifest.xml:209:4-43
activity#com.voice.demo.group.SystemMsgActivity
ADDED from src\main\AndroidManifest.xml:214:3-218:14
	android:screenOrientation
		ADDED from src\main\AndroidManifest.xml:217:4-41
	android:label
		ADDED from src\main\AndroidManifest.xml:216:4-36
	android:name
		ADDED from src\main\AndroidManifest.xml:215:4-43
activity#com.voice.demo.group.GroupEditActivity
ADDED from src\main\AndroidManifest.xml:219:3-223:14
	android:screenOrientation
		ADDED from src\main\AndroidManifest.xml:222:4-41
	android:label
		ADDED from src\main\AndroidManifest.xml:221:4-36
	android:name
		ADDED from src\main\AndroidManifest.xml:220:4-43
activity#com.voice.demo.group.GroupMemberCardActivity
ADDED from src\main\AndroidManifest.xml:224:3-228:14
	android:screenOrientation
		ADDED from src\main\AndroidManifest.xml:227:4-41
	android:label
		ADDED from src\main\AndroidManifest.xml:226:4-36
	android:name
		ADDED from src\main\AndroidManifest.xml:225:4-49
activity#com.voice.demo.setting.SettingAboutActivity
ADDED from src\main\AndroidManifest.xml:230:3-234:14
	android:screenOrientation
		ADDED from src\main\AndroidManifest.xml:233:4-41
	android:label
		ADDED from src\main\AndroidManifest.xml:232:4-36
	android:name
		ADDED from src\main\AndroidManifest.xml:231:4-48
activity#com.voice.demo.setting.SupportCodecActivity
ADDED from src\main\AndroidManifest.xml:235:3-238:44
	android:screenOrientation
		ADDED from src\main\AndroidManifest.xml:238:4-41
	android:label
		ADDED from src\main\AndroidManifest.xml:237:4-36
	android:name
		ADDED from src\main\AndroidManifest.xml:236:4-48
activity#com.voice.demo.setting.VideoCallResolutionSettings
ADDED from src\main\AndroidManifest.xml:239:3-242:44
	android:screenOrientation
		ADDED from src\main\AndroidManifest.xml:242:4-41
	android:label
		ADDED from src\main\AndroidManifest.xml:241:4-36
	android:name
		ADDED from src\main\AndroidManifest.xml:240:4-55
activity#com.voice.demo.setting.SettingsActivity
ADDED from src\main\AndroidManifest.xml:243:3-247:14
	android:screenOrientation
		ADDED from src\main\AndroidManifest.xml:246:4-41
	android:label
		ADDED from src\main\AndroidManifest.xml:245:4-36
	android:name
		ADDED from src\main\AndroidManifest.xml:244:4-44
activity#com.voice.demo.setting.AutoManageSettingActivity
ADDED from src\main\AndroidManifest.xml:248:3-252:14
	android:screenOrientation
		ADDED from src\main\AndroidManifest.xml:251:4-41
	android:label
		ADDED from src\main\AndroidManifest.xml:250:4-36
	android:name
		ADDED from src\main\AndroidManifest.xml:249:4-53
activity#com.voice.demo.netmonitor.NetworkMonitoringActivity
ADDED from src\main\AndroidManifest.xml:253:3-257:14
	android:screenOrientation
		ADDED from src\main\AndroidManifest.xml:256:4-41
	android:label
		ADDED from src\main\AndroidManifest.xml:255:4-36
	android:name
		ADDED from src\main\AndroidManifest.xml:254:4-56
activity#com.voice.demo.videoconference.VideoConference
ADDED from src\main\AndroidManifest.xml:258:3-262:14
	android:screenOrientation
		ADDED from src\main\AndroidManifest.xml:261:4-41
	android:label
		ADDED from src\main\AndroidManifest.xml:260:4-36
	android:name
		ADDED from src\main\AndroidManifest.xml:259:4-51
activity#com.voice.demo.videoconference.WizardVideoconferenceActivity
ADDED from src\main\AndroidManifest.xml:263:3-267:14
	android:screenOrientation
		ADDED from src\main\AndroidManifest.xml:266:4-41
	android:label
		ADDED from src\main\AndroidManifest.xml:265:4-36
	android:name
		ADDED from src\main\AndroidManifest.xml:264:4-65
activity#com.voice.demo.videoconference.VideoconferenceConversation
ADDED from src\main\AndroidManifest.xml:268:3-272:14
	android:screenOrientation
		ADDED from src\main\AndroidManifest.xml:271:4-41
	android:label
		ADDED from src\main\AndroidManifest.xml:270:4-36
	android:name
		ADDED from src\main\AndroidManifest.xml:269:4-63
activity#com.voice.demo.videoconference.CreateVideoConference
ADDED from src\main\AndroidManifest.xml:273:3-277:14
	android:screenOrientation
		ADDED from src\main\AndroidManifest.xml:276:4-41
	android:label
		ADDED from src\main\AndroidManifest.xml:275:4-36
	android:name
		ADDED from src\main\AndroidManifest.xml:274:4-57
activity#com.voice.demo.videoconference.VideoConferenceChattingUI
ADDED from src\main\AndroidManifest.xml:278:3-282:14
	android:screenOrientation
		ADDED from src\main\AndroidManifest.xml:281:4-41
	android:label
		ADDED from src\main\AndroidManifest.xml:280:4-36
	android:name
		ADDED from src\main\AndroidManifest.xml:279:4-61
activity#com.voice.demo.videoconference.MultiVideoconference
ADDED from src\main\AndroidManifest.xml:283:3-287:14
	android:screenOrientation
		ADDED from src\main\AndroidManifest.xml:286:4-41
	android:label
		ADDED from src\main\AndroidManifest.xml:285:4-36
	android:name
		ADDED from src\main\AndroidManifest.xml:284:4-56
activity#com.voice.demo.ui.experience.AccountChooseActivity
ADDED from src\main\AndroidManifest.xml:288:3-292:14
	android:screenOrientation
		ADDED from src\main\AndroidManifest.xml:291:4-41
	android:label
		ADDED from src\main\AndroidManifest.xml:290:4-36
	android:name
		ADDED from src\main\AndroidManifest.xml:289:4-55
activity#com.voice.demo.ui.developer.DeveloperLoginActivity
ADDED from src\main\AndroidManifest.xml:293:3-297:14
	android:screenOrientation
		ADDED from src\main\AndroidManifest.xml:296:4-41
	android:label
		ADDED from src\main\AndroidManifest.xml:295:4-36
	android:name
		ADDED from src\main\AndroidManifest.xml:294:4-55
activity#com.voice.demo.ExConsultation.ExpertMainActivity
ADDED from src\main\AndroidManifest.xml:298:3-306:14
	android:screenOrientation
		ADDED from src\main\AndroidManifest.xml:301:4-41
	android:label
		ADDED from src\main\AndroidManifest.xml:300:4-36
	android:name
		ADDED from src\main\AndroidManifest.xml:299:4-53
intent-filter#android.intent.category.DEFAULT+com.voice.ACTION_EXPERT_MAIN
ADDED from src\main\AndroidManifest.xml:302:4-305:20
action#com.voice.ACTION_EXPERT_MAIN
ADDED from src\main\AndroidManifest.xml:303:5-59
	android:name
		ADDED from src\main\AndroidManifest.xml:303:13-56
activity#com.voice.demo.ExConsultation.ExpertActivity
ADDED from src\main\AndroidManifest.xml:307:3-315:14
	android:screenOrientation
		ADDED from src\main\AndroidManifest.xml:310:4-41
	android:label
		ADDED from src\main\AndroidManifest.xml:309:4-36
	android:name
		ADDED from src\main\AndroidManifest.xml:308:4-49
intent-filter#android.intent.category.DEFAULT+com.voice.demo.ACTION_EXPERT_LIST_VIEW
ADDED from src\main\AndroidManifest.xml:311:4-314:20
action#com.voice.demo.ACTION_EXPERT_LIST_VIEW
ADDED from src\main\AndroidManifest.xml:312:5-69
	android:name
		ADDED from src\main\AndroidManifest.xml:312:13-66
activity#com.voice.demo.ExConsultation.ExpertOrderActivity
ADDED from src\main\AndroidManifest.xml:316:3-324:14
	android:screenOrientation
		ADDED from src\main\AndroidManifest.xml:319:4-41
	android:label
		ADDED from src\main\AndroidManifest.xml:318:4-36
	android:name
		ADDED from src\main\AndroidManifest.xml:317:4-54
intent-filter#android.intent.category.DEFAULT+com.voice.demo.ACTION_EXPERT_ORDER
ADDED from src\main\AndroidManifest.xml:320:4-323:20
action#com.voice.demo.ACTION_EXPERT_ORDER
ADDED from src\main\AndroidManifest.xml:321:5-65
	android:name
		ADDED from src\main\AndroidManifest.xml:321:13-62
activity#com.voice.demo.ExConsultation.ExpertConmuiActivity
ADDED from src\main\AndroidManifest.xml:325:3-334:14
	android:screenOrientation
		ADDED from src\main\AndroidManifest.xml:328:4-41
	android:label
		ADDED from src\main\AndroidManifest.xml:327:4-36
	android:theme
		ADDED from src\main\AndroidManifest.xml:329:4-45
	android:name
		ADDED from src\main\AndroidManifest.xml:326:4-55
intent-filter#android.intent.category.DEFAULT+com.voice.demo.ACTION_EXPERT_CONMUI
ADDED from src\main\AndroidManifest.xml:330:4-333:20
action#com.voice.demo.ACTION_EXPERT_CONMUI
ADDED from src\main\AndroidManifest.xml:331:5-66
	android:name
		ADDED from src\main\AndroidManifest.xml:331:13-63
activity#com.voice.demo.ExConsultation.ExpertDetailActivity
ADDED from src\main\AndroidManifest.xml:335:3-343:14
	android:screenOrientation
		ADDED from src\main\AndroidManifest.xml:338:4-41
	android:label
		ADDED from src\main\AndroidManifest.xml:337:4-36
	android:name
		ADDED from src\main\AndroidManifest.xml:336:4-55
intent-filter#android.intent.category.DEFAULT+com.voice.demo.ACTION_EXPERT_DETAIL_VIEW
ADDED from src\main\AndroidManifest.xml:339:4-342:20
action#com.voice.demo.ACTION_EXPERT_DETAIL_VIEW
ADDED from src\main\AndroidManifest.xml:340:5-71
	android:name
		ADDED from src\main\AndroidManifest.xml:340:13-68
activity#com.voice.demo.ui.experience.ExperienceLogin
ADDED from src\main\AndroidManifest.xml:345:3-349:14
	android:screenOrientation
		ADDED from src\main\AndroidManifest.xml:348:4-41
	android:label
		ADDED from src\main\AndroidManifest.xml:347:4-36
	android:name
		ADDED from src\main\AndroidManifest.xml:346:4-49
activity#com.voice.demo.ui.experience.ExperienceForgetPwd
ADDED from src\main\AndroidManifest.xml:350:3-354:14
	android:screenOrientation
		ADDED from src\main\AndroidManifest.xml:353:4-41
	android:label
		ADDED from src\main\AndroidManifest.xml:352:4-36
	android:name
		ADDED from src\main\AndroidManifest.xml:351:4-53
activity#com.voice.demo.ui.experience.ExperienceAccountInfoActivity
ADDED from src\main\AndroidManifest.xml:355:3-359:14
	android:screenOrientation
		ADDED from src\main\AndroidManifest.xml:358:4-41
	android:label
		ADDED from src\main\AndroidManifest.xml:357:4-36
	android:name
		ADDED from src\main\AndroidManifest.xml:356:4-63
activity#com.voice.demo.ui.experience.BuildingNumberActivity
ADDED from src\main\AndroidManifest.xml:360:3-364:14
	android:screenOrientation
		ADDED from src\main\AndroidManifest.xml:363:4-41
	android:label
		ADDED from src\main\AndroidManifest.xml:362:4-36
	android:name
		ADDED from src\main\AndroidManifest.xml:361:4-56
activity#com.voice.demo.ui.experience.TestNumberActivity
ADDED from src\main\AndroidManifest.xml:365:3-369:14
	android:screenOrientation
		ADDED from src\main\AndroidManifest.xml:368:4-41
	android:label
		ADDED from src\main\AndroidManifest.xml:367:4-36
	android:name
		ADDED from src\main\AndroidManifest.xml:366:4-52
activity#com.voice.demo.voip.GetNumberToTransferActivity
ADDED from src\main\AndroidManifest.xml:370:3-374:14
	android:screenOrientation
		ADDED from src\main\AndroidManifest.xml:373:4-41
	android:label
		ADDED from src\main\AndroidManifest.xml:372:4-36
	android:name
		ADDED from src\main\AndroidManifest.xml:371:4-52
activity#kr.re.Dev.Bluetooth.BluetoothSerialClient$BluetoothUpActivity
ADDED from src\main\AndroidManifest.xml:375:3-379:14
	android:configChanges
		ADDED from src\main\AndroidManifest.xml:377:4-59
	android:theme
		ADDED from src\main\AndroidManifest.xml:378:4-63
	android:name
		ADDED from src\main\AndroidManifest.xml:376:4-80
service#com.hisun.phone.core.voice.CCPService
ADDED from src\main\AndroidManifest.xml:380:3-382:31
	android:exported
		ADDED from src\main\AndroidManifest.xml:382:4-28
	android:name
		ADDED from src\main\AndroidManifest.xml:381:4-56
service#com.voice.demo.contacts.T9Service
ADDED from src\main\AndroidManifest.xml:383:3-63
	android:name
		ADDED from src\main\AndroidManifest.xml:383:12-60